<?xml version="1.0" encoding="UTF-8"?>
<testsuite xmlns:xsi="http://www.w3.org/2001/XMLSchema-instance" xsi:noNamespaceSchemaLocation="https://maven.apache.org/surefire/maven-surefire-plugin/xsd/surefire-test-report-3.0.xsd" version="3.0" name="mk.ukim.finki.wp.eshop.EshopApplicationTests" time="13.788" tests="3" errors="0" skipped="0" failures="0">
  <properties>
[...]
</properties>
  <testcase name="testGetProducts" classname="mk.ukim.finki.wp.eshop.EshopApplicationTests" time="1.932">
    <system-out><![CDATA[19:21:07.796 [main] INFO org.springframework.test.context.support.AnnotationConfigContextLoaderUtils -- Could not detect default configuration classes for test class [mk.ukim.finki.wp.eshop.EshopApplicationTests]: EshopApplicationTests does not declare any static, non-private, non-final, nested classes annotated with @Configuration.
19:21:08.074 [main] INFO org.springframework.boot.test.context.SpringBootTestContextBootstrapper -- Found @SpringBootConfiguration mk.ukim.finki.wp.eshop.EshopApplication for test class mk.ukim.finki.wp.eshop.EshopApplicationTests

  .   ____          _            __ _ _
 /\\ / ___'_ __ _ _(_)_ __  __ _ \ \ \ \
( ( )\___ | '_ | '_| | '_ \/ _` | \ \ \ \
 \\/  ___)| |_)| | | | | || (_| |  ) ) ) )
  '  |____| .__|_| |_|_| |_\__, | / / / /
 =========|_|==============|___/=/_/_/_/
 :: Spring Boot ::                (v3.1.5)

2024-06-16T19:21:09.003+02:00  INFO 1832 --- [           main] m.u.f.wp.eshop.EshopApplicationTests     : Starting EshopApplicationTests using Java 19.0.1 with PID 1832 (started by Viktorija in C:\Users\Viktorija\KIII_Project_213045)
2024-06-16T19:21:09.005+02:00  INFO 1832 --- [           main] m.u.f.wp.eshop.EshopApplicationTests     : The following 1 profile is active: "test"
2024-06-16T19:21:10.445+02:00  INFO 1832 --- [           main] .s.d.r.c.RepositoryConfigurationDelegate : Bootstrapping Spring Data JPA repositories in DEFAULT mode.
2024-06-16T19:21:10.577+02:00  INFO 1832 --- [           main] .s.d.r.c.RepositoryConfigurationDelegate : Finished Spring Data repository scanning in 118 ms. Found 5 JPA repository interfaces.
2024-06-16T19:21:11.847+02:00  INFO 1832 --- [           main] o.s.b.w.embedded.tomcat.TomcatWebServer  : Tomcat initialized with port(s): 9999 (http)
2024-06-16T19:21:11.862+02:00  INFO 1832 --- [           main] o.apache.catalina.core.StandardService   : Starting service [Tomcat]
2024-06-16T19:21:11.863+02:00  INFO 1832 --- [           main] o.apache.catalina.core.StandardEngine    : Starting Servlet engine: [Apache Tomcat/10.1.15]
2024-06-16T19:21:12.044+02:00  INFO 1832 --- [           main] o.a.c.c.C.[Tomcat].[localhost].[/]       : Initializing Spring embedded WebApplicationContext
2024-06-16T19:21:12.045+02:00  INFO 1832 --- [           main] w.s.c.ServletWebServerApplicationContext : Root WebApplicationContext: initialization completed in 3004 ms
2024-06-16T19:21:12.401+02:00  INFO 1832 --- [           main] o.hibernate.jpa.internal.util.LogHelper  : HHH000204: Processing PersistenceUnitInfo [name: default]
2024-06-16T19:21:12.558+02:00  INFO 1832 --- [           main] org.hibernate.Version                    : HHH000412: Hibernate ORM core version 6.2.13.Final
2024-06-16T19:21:12.562+02:00  INFO 1832 --- [           main] org.hibernate.cfg.Environment            : HHH000406: Using bytecode reflection optimizer
2024-06-16T19:21:13.222+02:00  INFO 1832 --- [           main] o.s.o.j.p.SpringPersistenceUnitInfo      : No LoadTimeWeaver setup: ignoring JPA class transformer
2024-06-16T19:21:13.284+02:00  INFO 1832 --- [           main] com.zaxxer.hikari.HikariDataSource       : HikariPool-1 - Starting...
2024-06-16T19:21:13.633+02:00  INFO 1832 --- [           main] com.zaxxer.hikari.pool.HikariPool        : HikariPool-1 - Added connection conn0: url=jdbc:h2:mem:testdb user=SA
2024-06-16T19:21:13.636+02:00  INFO 1832 --- [           main] com.zaxxer.hikari.HikariDataSource       : HikariPool-1 - Start completed.
2024-06-16T19:21:15.292+02:00  INFO 1832 --- [           main] o.h.e.t.j.p.i.JtaPlatformInitiator       : HHH000489: No JTA platform available (set 'hibernate.transaction.jta.platform' to enable JTA platform integration)
Hibernate: drop table if exists categories cascade 
Hibernate: drop table if exists manufacturers cascade 
Hibernate: drop table if exists products cascade 
Hibernate: drop table if exists shop_users cascade 
Hibernate: drop table if exists shop_users_carts cascade 
Hibernate: drop table if exists shopping_cart cascade 
Hibernate: drop table if exists shopping_cart_products cascade 
Hibernate: create table categories (id bigint generated by default as identity, description varchar(4000), name varchar(255), primary key (id))
Hibernate: create table manufacturers (id bigint generated by default as identity, manufacturer_address varchar(255), name varchar(255), primary key (id))
Hibernate: create table products (price float(53), quantity integer, category_id bigint, id bigint generated by default as identity, manufacturer_id bigint, name varchar(255), primary key (id))
Hibernate: create table shop_users (is_account_non_expired boolean not null, is_account_non_locked boolean not null, is_credentials_non_expired boolean not null, is_enabled boolean not null, fullname varchar(255), password varchar(255), role varchar(255) check (role in ('ROLE_USER','ROLE_ADMIN')), user_address1 varchar(255), user_address2 varchar(255), user_city varchar(255), user_country varchar(255), username varchar(255) not null, primary key (username))
Hibernate: create table shop_users_carts (carts_id bigint not null unique, user_username varchar(255) not null)
Hibernate: create table shopping_cart (date_created timestamp(6), id bigint generated by default as identity, status varchar(255) check (status in ('CREATED','CANCELED','FINISHED')), user_username varchar(255), primary key (id))
Hibernate: create table shopping_cart_products (products_id bigint not null, shopping_cart_id bigint not null)
Hibernate: alter table if exists products add constraint FKog2rp4qthbtt2lfyhfo32lsw9 foreign key (category_id) references categories
Hibernate: alter table if exists products add constraint FKljnead8q1652k9q5p0fe0o1g2 foreign key (manufacturer_id) references manufacturers
Hibernate: alter table if exists shop_users_carts add constraint FKixedl9gmh2k1d4jrd0hcrof64 foreign key (carts_id) references shopping_cart
Hibernate: alter table if exists shop_users_carts add constraint FK68gkpl26pgbigh9qe5q13akpm foreign key (user_username) references shop_users
Hibernate: alter table if exists shopping_cart add constraint FKkm9dhg1ejfgx1c1p50a55udnv foreign key (user_username) references shop_users
Hibernate: alter table if exists shopping_cart_products add constraint FK30072utx7e45nste37w5qbcec foreign key (products_id) references products
Hibernate: alter table if exists shopping_cart_products add constraint FKb0wl9vd38umuh226jsjqx3grq foreign key (shopping_cart_id) references shopping_cart
2024-06-16T19:21:15.402+02:00  INFO 1832 --- [           main] j.LocalContainerEntityManagerFactoryBean : Initialized JPA EntityManagerFactory for persistence unit 'default'
2024-06-16T19:21:16.203+02:00  INFO 1832 --- [           main] o.s.d.j.r.query.QueryEnhancerFactory     : Hibernate is in classpath; If applicable, HQL parser will be used.
Hibernate: select count(*) from shop_users u1_0
Hibernate: select u1_0.username,u1_0.fullname,u1_0.is_account_non_expired,u1_0.is_account_non_locked,u1_0.is_credentials_non_expired,u1_0.is_enabled,u1_0.password,u1_0.role,u1_0.user_address1,u1_0.user_address2,u1_0.user_city,u1_0.user_country,c1_0.user_username,c1_1.id,c1_1.date_created,c1_1.status,u2_0.username,u2_0.fullname,u2_0.is_account_non_expired,u2_0.is_account_non_locked,u2_0.is_credentials_non_expired,u2_0.is_enabled,u2_0.password,u2_0.role,u2_0.user_address1,u2_0.user_address2,u2_0.user_city,u2_0.user_country from shop_users u1_0 left join (shop_users_carts c1_0 join shopping_cart c1_1 on c1_1.id=c1_0.carts_id) on u1_0.username=c1_0.user_username left join shop_users u2_0 on u2_0.username=c1_1.user_username where u1_0.username=?
Hibernate: select u1_0.username,u1_0.fullname,u1_0.is_account_non_expired,u1_0.is_account_non_locked,u1_0.is_credentials_non_expired,u1_0.is_enabled,u1_0.password,u1_0.role,u1_0.user_address1,u1_0.user_address2,u1_0.user_city,u1_0.user_country,c1_0.user_username,c1_1.id,c1_1.date_created,c1_1.status,u2_0.username,u2_0.fullname,u2_0.is_account_non_expired,u2_0.is_account_non_locked,u2_0.is_credentials_non_expired,u2_0.is_enabled,u2_0.password,u2_0.role,u2_0.user_address1,u2_0.user_address2,u2_0.user_city,u2_0.user_country from shop_users u1_0 left join (shop_users_carts c1_0 join shopping_cart c1_1 on c1_1.id=c1_0.carts_id) on u1_0.username=c1_0.user_username left join shop_users u2_0 on u2_0.username=c1_1.user_username where u1_0.username=?
Hibernate: select u1_0.username,u1_0.fullname,u1_0.is_account_non_expired,u1_0.is_account_non_locked,u1_0.is_credentials_non_expired,u1_0.is_enabled,u1_0.password,u1_0.role,u1_0.user_address1,u1_0.user_address2,u1_0.user_city,u1_0.user_country,c1_0.user_username,c1_1.id,c1_1.date_created,c1_1.status,u2_0.username,u2_0.fullname,u2_0.is_account_non_expired,u2_0.is_account_non_locked,u2_0.is_credentials_non_expired,u2_0.is_enabled,u2_0.password,u2_0.role,u2_0.user_address1,u2_0.user_address2,u2_0.user_city,u2_0.user_country from shop_users u1_0 left join (shop_users_carts c1_0 join shopping_cart c1_1 on c1_1.id=c1_0.carts_id) on u1_0.username=c1_0.user_username left join shop_users u2_0 on u2_0.username=c1_1.user_username where u1_0.username=?
Hibernate: select u1_0.username,u1_0.fullname,u1_0.is_account_non_expired,u1_0.is_account_non_locked,u1_0.is_credentials_non_expired,u1_0.is_enabled,u1_0.password,u1_0.role,u1_0.user_address1,u1_0.user_address2,u1_0.user_city,u1_0.user_country,c1_0.user_username,c1_1.id,c1_1.date_created,c1_1.status,u2_0.username,u2_0.fullname,u2_0.is_account_non_expired,u2_0.is_account_non_locked,u2_0.is_credentials_non_expired,u2_0.is_enabled,u2_0.password,u2_0.role,u2_0.user_address1,u2_0.user_address2,u2_0.user_city,u2_0.user_country from shop_users u1_0 left join (shop_users_carts c1_0 join shopping_cart c1_1 on c1_1.id=c1_0.carts_id) on u1_0.username=c1_0.user_username left join shop_users u2_0 on u2_0.username=c1_1.user_username where u1_0.username=?
Hibernate: select u1_0.username,u1_0.fullname,u1_0.is_account_non_expired,u1_0.is_account_non_locked,u1_0.is_credentials_non_expired,u1_0.is_enabled,u1_0.password,u1_0.role,u1_0.user_address1,u1_0.user_address2,u1_0.user_city,u1_0.user_country,c1_0.user_username,c1_1.id,c1_1.date_created,c1_1.status,u2_0.username,u2_0.fullname,u2_0.is_account_non_expired,u2_0.is_account_non_locked,u2_0.is_credentials_non_expired,u2_0.is_enabled,u2_0.password,u2_0.role,u2_0.user_address1,u2_0.user_address2,u2_0.user_city,u2_0.user_country from shop_users u1_0 left join (shop_users_carts c1_0 join shopping_cart c1_1 on c1_1.id=c1_0.carts_id) on u1_0.username=c1_0.user_username left join shop_users u2_0 on u2_0.username=c1_1.user_username where u1_0.username=?
Hibernate: insert into shop_users (fullname,is_account_non_expired,is_account_non_locked,is_credentials_non_expired,is_enabled,password,role,user_address1,user_address2,user_city,user_country,username) values (?,?,?,?,?,?,?,?,?,?,?,?)
Hibernate: insert into shop_users (fullname,is_account_non_expired,is_account_non_locked,is_credentials_non_expired,is_enabled,password,role,user_address1,user_address2,user_city,user_country,username) values (?,?,?,?,?,?,?,?,?,?,?,?)
Hibernate: insert into shop_users (fullname,is_account_non_expired,is_account_non_locked,is_credentials_non_expired,is_enabled,password,role,user_address1,user_address2,user_city,user_country,username) values (?,?,?,?,?,?,?,?,?,?,?,?)
Hibernate: insert into shop_users (fullname,is_account_non_expired,is_account_non_locked,is_credentials_non_expired,is_enabled,password,role,user_address1,user_address2,user_city,user_country,username) values (?,?,?,?,?,?,?,?,?,?,?,?)
Hibernate: insert into shop_users (fullname,is_account_non_expired,is_account_non_locked,is_credentials_non_expired,is_enabled,password,role,user_address1,user_address2,user_city,user_country,username) values (?,?,?,?,?,?,?,?,?,?,?,?)
Hibernate: select count(*) from categories c1_0
Hibernate: insert into categories (description,name,id) values (?,?,default)
Hibernate: insert into categories (description,name,id) values (?,?,default)
Hibernate: insert into categories (description,name,id) values (?,?,default)
Hibernate: select count(*) from manufacturers m1_0
Hibernate: insert into manufacturers (manufacturer_address,name,id) values (?,?,default)
Hibernate: insert into manufacturers (manufacturer_address,name,id) values (?,?,default)
Hibernate: insert into manufacturers (manufacturer_address,name,id) values (?,?,default)
Hibernate: select count(*) from products p1_0
Hibernate: select c1_0.id,c1_0.description,c1_0.name from categories c1_0
Hibernate: select m1_0.id,m1_0.manufacturer_address,m1_0.name from manufacturers m1_0
Hibernate: insert into products (category_id,manufacturer_id,name,price,quantity,id) values (?,?,?,?,?,default)
Hibernate: insert into products (category_id,manufacturer_id,name,price,quantity,id) values (?,?,?,?,?,default)
Hibernate: insert into products (category_id,manufacturer_id,name,price,quantity,id) values (?,?,?,?,?,default)
Hibernate: insert into products (category_id,manufacturer_id,name,price,quantity,id) values (?,?,?,?,?,default)
Hibernate: select count(*) from shopping_cart s1_0
Hibernate: select p1_0.id,p1_0.category_id,p1_0.manufacturer_id,p1_0.name,p1_0.price,p1_0.quantity from products p1_0
Hibernate: select c1_0.id,c1_0.description,c1_0.name from categories c1_0 where c1_0.id=?
Hibernate: select m1_0.id,m1_0.manufacturer_address,m1_0.name from manufacturers m1_0 where m1_0.id=?
Hibernate: select m1_0.id,m1_0.manufacturer_address,m1_0.name from manufacturers m1_0 where m1_0.id=?
Hibernate: select c1_0.id,c1_0.description,c1_0.name from categories c1_0 where c1_0.id=?
Hibernate: select m1_0.id,m1_0.manufacturer_address,m1_0.name from manufacturers m1_0 where m1_0.id=?
Hibernate: select c1_0.id,c1_0.description,c1_0.name from categories c1_0 where c1_0.id=?
Hibernate: select u1_0.username,u1_0.fullname,u1_0.is_account_non_expired,u1_0.is_account_non_locked,u1_0.is_credentials_non_expired,u1_0.is_enabled,u1_0.password,u1_0.role,u1_0.user_address1,u1_0.user_address2,u1_0.user_city,u1_0.user_country from shop_users u1_0
Hibernate: select c1_0.user_username,c1_1.id,c1_1.date_created,c1_1.status,u1_0.username,u1_0.fullname,u1_0.is_account_non_expired,u1_0.is_account_non_locked,u1_0.is_credentials_non_expired,u1_0.is_enabled,u1_0.password,u1_0.role,u1_0.user_address1,u1_0.user_address2,u1_0.user_city,u1_0.user_country from shop_users_carts c1_0 join shopping_cart c1_1 on c1_1.id=c1_0.carts_id left join shop_users u1_0 on u1_0.username=c1_1.user_username where c1_0.user_username=?
Hibernate: select c1_0.user_username,c1_1.id,c1_1.date_created,c1_1.status,u1_0.username,u1_0.fullname,u1_0.is_account_non_expired,u1_0.is_account_non_locked,u1_0.is_credentials_non_expired,u1_0.is_enabled,u1_0.password,u1_0.role,u1_0.user_address1,u1_0.user_address2,u1_0.user_city,u1_0.user_country from shop_users_carts c1_0 join shopping_cart c1_1 on c1_1.id=c1_0.carts_id left join shop_users u1_0 on u1_0.username=c1_1.user_username where c1_0.user_username=?
Hibernate: select c1_0.user_username,c1_1.id,c1_1.date_created,c1_1.status,u1_0.username,u1_0.fullname,u1_0.is_account_non_expired,u1_0.is_account_non_locked,u1_0.is_credentials_non_expired,u1_0.is_enabled,u1_0.password,u1_0.role,u1_0.user_address1,u1_0.user_address2,u1_0.user_city,u1_0.user_country from shop_users_carts c1_0 join shopping_cart c1_1 on c1_1.id=c1_0.carts_id left join shop_users u1_0 on u1_0.username=c1_1.user_username where c1_0.user_username=?
Hibernate: select c1_0.user_username,c1_1.id,c1_1.date_created,c1_1.status,u1_0.username,u1_0.fullname,u1_0.is_account_non_expired,u1_0.is_account_non_locked,u1_0.is_credentials_non_expired,u1_0.is_enabled,u1_0.password,u1_0.role,u1_0.user_address1,u1_0.user_address2,u1_0.user_city,u1_0.user_country from shop_users_carts c1_0 join shopping_cart c1_1 on c1_1.id=c1_0.carts_id left join shop_users u1_0 on u1_0.username=c1_1.user_username where c1_0.user_username=?
Hibernate: select c1_0.user_username,c1_1.id,c1_1.date_created,c1_1.status,u1_0.username,u1_0.fullname,u1_0.is_account_non_expired,u1_0.is_account_non_locked,u1_0.is_credentials_non_expired,u1_0.is_enabled,u1_0.password,u1_0.role,u1_0.user_address1,u1_0.user_address2,u1_0.user_city,u1_0.user_country from shop_users_carts c1_0 join shopping_cart c1_1 on c1_1.id=c1_0.carts_id left join shop_users u1_0 on u1_0.username=c1_1.user_username where c1_0.user_username=?
Hibernate: select null,u1_0.fullname,u1_0.is_account_non_expired,u1_0.is_account_non_locked,u1_0.is_credentials_non_expired,u1_0.is_enabled,u1_0.password,u1_0.role from shop_users u1_0 where u1_0.username=?
Hibernate: insert into shopping_cart (date_created,status,user_username,id) values (?,?,?,default)
Hibernate: insert into shopping_cart_products (shopping_cart_id,products_id) values (?,?)
Hibernate: select null,u1_0.fullname,u1_0.is_account_non_expired,u1_0.is_account_non_locked,u1_0.is_credentials_non_expired,u1_0.is_enabled,u1_0.password,u1_0.role from shop_users u1_0 where u1_0.username=?
Hibernate: insert into shopping_cart (date_created,status,user_username,id) values (?,?,?,default)
Hibernate: insert into shopping_cart_products (shopping_cart_id,products_id) values (?,?)
Hibernate: insert into shopping_cart_products (shopping_cart_id,products_id) values (?,?)
Hibernate: insert into shopping_cart_products (shopping_cart_id,products_id) values (?,?)
Hibernate: select null,u1_0.fullname,u1_0.is_account_non_expired,u1_0.is_account_non_locked,u1_0.is_credentials_non_expired,u1_0.is_enabled,u1_0.password,u1_0.role from shop_users u1_0 where u1_0.username=?
Hibernate: insert into shopping_cart (date_created,status,user_username,id) values (?,?,?,default)
Hibernate: insert into shopping_cart_products (shopping_cart_id,products_id) values (?,?)
2024-06-16T19:21:18.091+02:00  WARN 1832 --- [           main] JpaBaseConfiguration$JpaWebConfiguration : spring.jpa.open-in-view is enabled by default. Therefore, database queries may be performed during view rendering. Explicitly configure spring.jpa.open-in-view to disable this warning
2024-06-16T19:21:18.737+02:00  INFO 1832 --- [           main] o.s.s.web.DefaultSecurityFilterChain     : Will secure any request with [org.springframework.security.web.session.DisableEncodeUrlFilter@105c253a, org.springframework.security.web.context.request.async.WebAsyncManagerIntegrationFilter@156322ce, org.springframework.security.web.context.SecurityContextHolderFilter@3bad0efd, org.springframework.security.web.header.HeaderWriterFilter@5bd11ad6, org.springframework.security.web.authentication.logout.LogoutFilter@7244d87, org.springframework.security.web.authentication.UsernamePasswordAuthenticationFilter@33e09baf, org.springframework.security.web.savedrequest.RequestCacheAwareFilter@626967a0, org.springframework.security.web.servletapi.SecurityContextHolderAwareRequestFilter@5080c40e, org.springframework.security.web.authentication.AnonymousAuthenticationFilter@546f0f36, org.springframework.security.web.access.ExceptionTranslationFilter@60ee1a29, org.springframework.security.web.access.intercept.AuthorizationFilter@2110b756]
2024-06-16T19:21:19.161+02:00  INFO 1832 --- [           main] o.s.b.w.embedded.tomcat.TomcatWebServer  : Tomcat started on port(s): 9999 (http) with context path ''
2024-06-16T19:21:19.173+02:00  INFO 1832 --- [           main] m.u.f.wp.eshop.EshopApplicationTests     : Started EshopApplicationTests in 10.698 seconds (process running for 12.989)
2024-06-16T19:21:20.086+02:00  INFO 1832 --- [           main] o.a.c.c.C.[Tomcat].[localhost].[/]       : Initializing Spring TestDispatcherServlet ''
2024-06-16T19:21:20.087+02:00  INFO 1832 --- [           main] o.s.t.web.servlet.TestDispatcherServlet  : Initializing Servlet ''
2024-06-16T19:21:20.088+02:00  INFO 1832 --- [           main] o.s.t.web.servlet.TestDispatcherServlet  : Completed initialization in 1 ms
Hibernate: insert into categories (description,name,id) values (?,?,default)
Hibernate: insert into categories (description,name,id) values (?,?,default)
Hibernate: insert into manufacturers (manufacturer_address,name,id) values (?,?,default)
Hibernate: insert into manufacturers (manufacturer_address,name,id) values (?,?,default)
Hibernate: select u1_0.username,u1_0.fullname,u1_0.is_account_non_expired,u1_0.is_account_non_locked,u1_0.is_credentials_non_expired,u1_0.is_enabled,u1_0.password,u1_0.role,u1_0.user_address1,u1_0.user_address2,u1_0.user_city,u1_0.user_country from shop_users u1_0 where u1_0.username=?
Hibernate: select u1_0.username,u1_0.fullname,u1_0.is_account_non_expired,u1_0.is_account_non_locked,u1_0.is_credentials_non_expired,u1_0.is_enabled,u1_0.password,u1_0.role,u1_0.user_address1,u1_0.user_address2,u1_0.user_city,u1_0.user_country,c1_0.user_username,c1_1.id,c1_1.date_created,c1_1.status,u2_0.username,u2_0.fullname,u2_0.is_account_non_expired,u2_0.is_account_non_locked,u2_0.is_credentials_non_expired,u2_0.is_enabled,u2_0.password,u2_0.role,u2_0.user_address1,u2_0.user_address2,u2_0.user_city,u2_0.user_country from shop_users u1_0 left join (shop_users_carts c1_0 join shopping_cart c1_1 on c1_1.id=c1_0.carts_id) on u1_0.username=c1_0.user_username left join shop_users u2_0 on u2_0.username=c1_1.user_username where u1_0.username=?
Hibernate: insert into shop_users (fullname,is_account_non_expired,is_account_non_locked,is_credentials_non_expired,is_enabled,password,role,user_address1,user_address2,user_city,user_country,username) values (?,?,?,?,?,?,?,?,?,?,?,?)
Hibernate: select u1_0.username,u1_0.fullname,u1_0.is_account_non_expired,u1_0.is_account_non_locked,u1_0.is_credentials_non_expired,u1_0.is_enabled,u1_0.password,u1_0.role,u1_0.user_address1,u1_0.user_address2,u1_0.user_city,u1_0.user_country from shop_users u1_0 where u1_0.username=?
Hibernate: select u1_0.username,u1_0.fullname,u1_0.is_account_non_expired,u1_0.is_account_non_locked,u1_0.is_credentials_non_expired,u1_0.is_enabled,u1_0.password,u1_0.role,u1_0.user_address1,u1_0.user_address2,u1_0.user_city,u1_0.user_country,c1_0.user_username,c1_1.id,c1_1.date_created,c1_1.status,u2_0.username,u2_0.fullname,u2_0.is_account_non_expired,u2_0.is_account_non_locked,u2_0.is_credentials_non_expired,u2_0.is_enabled,u2_0.password,u2_0.role,u2_0.user_address1,u2_0.user_address2,u2_0.user_city,u2_0.user_country from shop_users u1_0 left join (shop_users_carts c1_0 join shopping_cart c1_1 on c1_1.id=c1_0.carts_id) on u1_0.username=c1_0.user_username left join shop_users u2_0 on u2_0.username=c1_1.user_username where u1_0.username=?
Hibernate: insert into shop_users (fullname,is_account_non_expired,is_account_non_locked,is_credentials_non_expired,is_enabled,password,role,user_address1,user_address2,user_city,user_country,username) values (?,?,?,?,?,?,?,?,?,?,?,?)
Hibernate: select p1_0.id,p1_0.category_id,p1_0.manufacturer_id,p1_0.name,p1_0.price,p1_0.quantity from products p1_0
Hibernate: select c1_0.id,c1_0.description,c1_0.name from categories c1_0 where c1_0.id=?
Hibernate: select m1_0.id,m1_0.manufacturer_address,m1_0.name from manufacturers m1_0 where m1_0.id=?
Hibernate: select m1_0.id,m1_0.manufacturer_address,m1_0.name from manufacturers m1_0 where m1_0.id=?
Hibernate: select c1_0.id,c1_0.description,c1_0.name from categories c1_0 where c1_0.id=?
Hibernate: select m1_0.id,m1_0.manufacturer_address,m1_0.name from manufacturers m1_0 where m1_0.id=?
Hibernate: select c1_0.id,c1_0.description,c1_0.name from categories c1_0 where c1_0.id=?
2024-06-16T19:21:20.786+02:00  WARN 1832 --- [           main] actStandardFragmentInsertionTagProcessor : [THYMELEAF][main][master-template] Deprecated unwrapped fragment expression "fragments/header" found in template master-template, line 20, col 9. Please use the complete syntax of fragment expressions instead ("~{fragments/header}"). The old, unwrapped syntax for fragment expressions will be removed in future versions of Thymeleaf.
2024-06-16T19:21:20.815+02:00  WARN 1832 --- [           main] o.t.s.p.StandardIncludeTagProcessor      : [THYMELEAF][main][master-template] Deprecated attribute {th:include,data-th-include} found in template master-template, line 22, col 10. Please use {th:insert,data-th-insert} instead, this deprecated attribute will be removed in future versions of Thymeleaf.
2024-06-16T19:21:20.849+02:00  WARN 1832 --- [           main] actStandardFragmentInsertionTagProcessor : [THYMELEAF][main][master-template] Deprecated unwrapped fragment expression "${bodyContent}" found in template master-template, line 22, col 10. Please use the complete syntax of fragment expressions instead ("~{${bodyContent}}"). The old, unwrapped syntax for fragment expressions will be removed in future versions of Thymeleaf.
2024-06-16T19:21:21.066+02:00  WARN 1832 --- [           main] actStandardFragmentInsertionTagProcessor : [THYMELEAF][main][master-template] Deprecated unwrapped fragment expression "fragments/footer" found in template master-template, line 25, col 9. Please use the complete syntax of fragment expressions instead ("~{fragments/footer}"). The old, unwrapped syntax for fragment expressions will be removed in future versions of Thymeleaf.

MockHttpServletRequest:
      HTTP Method = GET
      Request URI = /products
       Parameters = {}
          Headers = []
             Body = <no character encoding set>
    Session Attrs = {}

Handler:
             Type = mk.ukim.finki.wp.eshop.web.controller.ProductController
           Method = mk.ukim.finki.wp.eshop.web.controller.ProductController#getProductPage(String, Model)

Async:
    Async started = false
     Async result = null

Resolved Exception:
             Type = null

ModelAndView:
        View name = master-template
             View = null
        Attribute = products
            value = [Product(id=1, name=Shoes, price=30.0, quantity=1000, category=Category(id=1, name=Books, description=Books category), manufacturer=Manufacturer(id=1, name=Nike, address=USA)), Product(id=2, name=Hoodie, price=50.99, quantity=200, category=Category(id=1, name=Books, description=Books category), manufacturer=Manufacturer(id=2, name=Coca Cola, address=USA)), Product(id=3, name=Gloves, price=10.0, quantity=56000, category=Category(id=2, name=Sports, description=Sports category), manufacturer=Manufacturer(id=3, name=Literatura, address=MK)), Product(id=4, name=Guitar, price=590.99, quantity=20, category=Category(id=3, name=Food, description=Food category), manufacturer=Manufacturer(id=3, name=Literatura, address=MK))]
        Attribute = bodyContent
            value = products

FlashMap:
       Attributes = null

MockHttpServletResponse:
           Status = 200
    Error message = null
          Headers = [Content-Language:"en", Content-Type:"text/html;charset=UTF-8"]
     Content type = text/html;charset=UTF-8
             Body = <!DOCTYPE html>
<html lang="en" xmlns="http://www.w3.org/1999/xhtml">
<head>
    <meta charset="UTF-8"/>
    <title>Products</title>
    <link rel="stylesheet" href="https://stackpath.bootstrapcdn.com/bootstrap/4.3.1/css/bootstrap.min.css"
          integrity="sha384-ggOyR0iXCbMQv3Xipma34MD+dH/1fQ784/j6cY/iJTQUOhcWr7x9JvoRxT2MZw1T" crossorigin="anonymous">
    <script src="https://code.jquery.com/jquery-3.3.1.slim.min.js"
            integrity="sha384-q8i/X+965DzO0rT7abK41JStQIAqVgRVzpbzo5smXKp4YfRvH+8abtTE1Pi6jizo"
            crossorigin="anonymous"></script>
    <script src="https://cdnjs.cloudflare.com/ajax/libs/popper.js/1.14.7/umd/popper.min.js"
            integrity="sha384-UO2eT0CpHqdSJQ6hJty5KVphtPhzWj9WO1clHTMGa3JDZwrnQq4sF86dIHNDz0W1"
            crossorigin="anonymous"></script>
    <script src="https://stackpath.bootstrapcdn.com/bootstrap/4.3.1/js/bootstrap.min.js"
            integrity="sha384-JjSmVgyd0p3pXB1rRibZUAYoIIy6OrQ6VrjIEaFf/nJGzIxFDsf4x0xIM+B07jRM"
            crossorigin="anonymous"></script>
    <script src="https://kit.fontawesome.com/e59232f0a1.js" crossorigin="anonymous"></script>
</head>
<body>
<header>
    <nav class="navbar navbar-expand-md navbar-dark bg-dark">
        <div class="container">
            <a class="navbar-brand" href="/">WEB PROGRAMMING SHOP</a>
            <button class="navbar-toggler" type="button" data-toggle="collapse" data-target="#navbarsExampleDefault"
                    aria-controls="navbarsExampleDefault" aria-expanded="false" aria-label="Toggle navigation">
                <span class="navbar-toggler-icon"></span>
            </button>

            <div class="collapse navbar-collapse justify-content-end" id="navbarsExampleDefault">
                <ul class="navbar-nav m-auto">
                    <li class="nav-item m-auto">
                        <a class="nav-link active" href="/products">Products</a>
                    </li>
                    <li class="nav-item m-auto">
                        <a class="nav-link active" href="/categories">Categories</a>
                    </li>
                    <li class="nav-item m-auto">
                        <a class="nav-link active" href="/manufacturers">Manufacturers</a>
                    </li>
                </ul>


                <form class="form-inline my-2 my-lg-0">
                    <div class="input-group input-group-sm">
                        <input type="text" class="form-control" aria-label="Small"
                               aria-describedby="inputGroup-sizing-sm"
                               placeholder="Search...">
                        <div class="input-group-append">
                            <button type="button" class="btn btn-secondary btn-number">
                                <i class="fa fa-search"></i>
                            </button>
                        </div>
                    </div>
                </form>
                <ul class="nav navbar-nav navbar-right">

                    <li class="nav-item">
                        <a class="nav-link" href="#"></a>
                    </li>
                    <li class="nav-item">
                        <a class="btn btn-success btn-sm ml-3" href="/shopping-cart">
                            <i class="fa fa-shopping-cart"></i> Cart
                        </a>
                    </li>
                    
                    
                    
                </ul>
            </div>
        </div>
    </nav>
</header>


<section><div>
    <section class="jumbotron text-center">
        <div class="container">
            <h1 class="jumbotron-heading">WEB PROGRAMMING SHOP</h1>
            <h3 class="jumbotron-heading">All products</h3>
        </div>
    </section>

    <div class="container mb-4">
        <div class="row">
            <div class="col-12">
                <div class="table-responsive">
                    <table class="table table-striped">
                        <thead>
                        <tr>
                            <th scope="col">Product name</th>
                            <th scope="col">Price</th>
                            <th scope="col">Manufacturer</th>
                            <th scope="col">Category</th>
                            <th scope="col"></th>
                            <th scope="col"></th>
                            <th scope="col"></th>
                        </tr>
                        </thead>
                        <tbody>
                        <tr class="product">
                            <td>Shoes</td>
                            <td>30.0</td>
                            <td>Nike</td>
                            <td>Books</td>
                            <td class="text-right">
                                
                            </td>
                            <td>
                                
                            </td>
                            <td>
                                <form action="/shopping-cart/add-product/1"
                                      method="POST">
                                    <button type="submit" class="btn btn-sm btn-success add-to-cart">
                                        <i class="fas fa-shopping-cart"></i> Add to cart
                                    </button>
                                </form>
                            </td>
                        </tr>
                        <tr class="product">
                            <td>Hoodie</td>
                            <td>50.99</td>
                            <td>Coca Cola</td>
                            <td>Books</td>
                            <td class="text-right">
                                
                            </td>
                            <td>
                                
                            </td>
                            <td>
                                <form action="/shopping-cart/add-product/2"
                                      method="POST">
                                    <button type="submit" class="btn btn-sm btn-success add-to-cart">
                                        <i class="fas fa-shopping-cart"></i> Add to cart
                                    </button>
                                </form>
                            </td>
                        </tr>
                        <tr class="product">
                            <td>Gloves</td>
                            <td>10.0</td>
                            <td>Literatura</td>
                            <td>Sports</td>
                            <td class="text-right">
                                
                            </td>
                            <td>
                                
                            </td>
                            <td>
                                <form action="/shopping-cart/add-product/3"
                                      method="POST">
                                    <button type="submit" class="btn btn-sm btn-success add-to-cart">
                                        <i class="fas fa-shopping-cart"></i> Add to cart
                                    </button>
                                </form>
                            </td>
                        </tr>
                        <tr class="product">
                            <td>Guitar</td>
                            <td>590.99</td>
                            <td>Literatura</td>
                            <td>Food</td>
                            <td class="text-right">
                                
                            </td>
                            <td>
                                
                            </td>
                            <td>
                                <form action="/shopping-cart/add-product/4"
                                      method="POST">
                                    <button type="submit" class="btn btn-sm btn-success add-to-cart">
                                        <i class="fas fa-shopping-cart"></i> Add to cart
                                    </button>
                                </form>
                            </td>
                        </tr>
                        </tbody>
                    </table>
                </div>
            </div>
            <div class="col mb-3">
                <div class="row">
                    <div class="col-sm-12 col-md-12">
                        <a href="/products/add-form" class="btn btn-block btn-dark add-product-btn">
                            Add new product
                        </a>
                    </div>
                </div>
            </div>
        </div>
    </div>
</div>

</section>
<footer class="text-black-50 mt-xl-5">
    <div class="container">
        <div class="row">
            <div class="col-md-3 col-lg-4 col-xl-3">
                <h5>About</h5>
                <hr class="bg-white mb-2 mt-0 d-inline-block mx-auto w-25">
                <p class="mb-0">
                    Le Lorem Ipsum est simplement du faux texte employé dans la composition et la mise en page avant
                    impression.
                </p>
            </div>

            <div class="col-md-2 col-lg-2 col-xl-2 mx-auto">
                <h5>Informations</h5>
                <hr class="bg-white mb-2 mt-0 d-inline-block mx-auto w-25">
                <ul class="list-unstyled">
                    <li><a href="">Link 1</a></li>
                    <li><a href="">Link 2</a></li>
                    <li><a href="">Link 3</a></li>
                    <li><a href="">Link 4</a></li>
                </ul>
            </div>

            <div class="col-md-3 col-lg-2 col-xl-2 mx-auto">
                <h5>Others links</h5>
                <hr class="bg-white mb-2 mt-0 d-inline-block mx-auto w-25">
                <ul class="list-unstyled">
                    <li><a href="">Link 1</a></li>
                    <li><a href="">Link 2</a></li>
                    <li><a href="">Link 3</a></li>
                    <li><a href="">Link 4</a></li>
                </ul>
            </div>

            <div class="col-md-4 col-lg-3 col-xl-3">
                <h5>Contact</h5>
                <hr class="bg-white mb-2 mt-0 d-inline-block mx-auto w-25">
                <ul class="list-unstyled">
                    <li><i class="fa fa-home mr-2"></i> My company</li>
                    <li><i class="fa fa-envelope mr-2"></i> email@example.com</li>
                    <li><i class="fa fa-phone mr-2"></i> + 33 12 14 15 16</li>
                    <li><i class="fa fa-print mr-2"></i> + 33 12 14 15 16</li>
                </ul>
            </div>
        </div>
    </div>
</footer>

</body>
</html>


    Forwarded URL = null
   Redirected URL = null
          Cookies = []
]]></system-out>
  </testcase>
  <testcase name="contextLoads" classname="mk.ukim.finki.wp.eshop.EshopApplicationTests" time="0.012">
    <system-out><![CDATA[2024-06-16T19:21:21.125+02:00  INFO 1832 --- [           main] o.a.c.c.C.[Tomcat].[localhost].[/]       : Initializing Spring TestDispatcherServlet ''
2024-06-16T19:21:21.125+02:00  INFO 1832 --- [           main] o.s.t.web.servlet.TestDispatcherServlet  : Initializing Servlet ''
2024-06-16T19:21:21.128+02:00  INFO 1832 --- [           main] o.s.t.web.servlet.TestDispatcherServlet  : Completed initialization in 1 ms
]]></system-out>
  </testcase>
  <testcase name="testDeleteProduct" classname="mk.ukim.finki.wp.eshop.EshopApplicationTests" time="0.054">
    <system-out><![CDATA[2024-06-16T19:21:21.138+02:00  INFO 1832 --- [           main] o.a.c.c.C.[Tomcat].[localhost].[/]       : Initializing Spring TestDispatcherServlet ''
2024-06-16T19:21:21.139+02:00  INFO 1832 --- [           main] o.s.t.web.servlet.TestDispatcherServlet  : Initializing Servlet ''
2024-06-16T19:21:21.140+02:00  INFO 1832 --- [           main] o.s.t.web.servlet.TestDispatcherServlet  : Completed initialization in 1 ms
Hibernate: select c1_0.id,c1_0.description,c1_0.name from categories c1_0 where c1_0.id=?
Hibernate: select m1_0.id,m1_0.manufacturer_address,m1_0.name from manufacturers m1_0 where m1_0.id=?
Hibernate: insert into products (category_id,manufacturer_id,name,price,quantity,id) values (?,?,?,?,?,default)
Hibernate: select p1_0.id,c1_0.id,c1_0.description,c1_0.name,m1_0.id,m1_0.manufacturer_address,m1_0.name,p1_0.name,p1_0.price,p1_0.quantity from products p1_0 left join categories c1_0 on c1_0.id=p1_0.category_id left join manufacturers m1_0 on m1_0.id=p1_0.manufacturer_id where p1_0.id=?
Hibernate: delete from products where id=?

MockHttpServletRequest:
      HTTP Method = POST
      Request URI = /products/delete/5
       Parameters = {}
          Headers = []
             Body = <no character encoding set>
    Session Attrs = {}

Handler:
             Type = mk.ukim.finki.wp.eshop.web.controller.ProductController
           Method = mk.ukim.finki.wp.eshop.web.controller.ProductController#deleteProduct(Long)

Async:
    Async started = false
     Async result = null

Resolved Exception:
             Type = null

ModelAndView:
        View name = redirect:/products
             View = null
            Model = null

FlashMap:
       Attributes = null

MockHttpServletResponse:
           Status = 302
    Error message = null
          Headers = [Content-Language:"en", Location:"/products"]
     Content type = null
             Body = 
    Forwarded URL = null
   Redirected URL = /products
          Cookies = []

MockHttpServletRequest:
      HTTP Method = POST
      Request URI = /products/delete/5
       Parameters = {}
          Headers = []
             Body = <no character encoding set>
    Session Attrs = {}

Handler:
             Type = mk.ukim.finki.wp.eshop.web.controller.ProductController
           Method = mk.ukim.finki.wp.eshop.web.controller.ProductController#deleteProduct(Long)

Async:
    Async started = false
     Async result = null

Resolved Exception:
             Type = null

ModelAndView:
        View name = redirect:/products
             View = null
            Model = null

FlashMap:
       Attributes = null

MockHttpServletResponse:
           Status = 302
    Error message = null
          Headers = [Content-Language:"en", Location:"/products"]
     Content type = null
             Body = 
    Forwarded URL = null
   Redirected URL = /products
          Cookies = []
]]></system-out>
  </testcase>
</testsuite>